<?xml version="1.0" encoding="UTF-8"?>
<testng-results ignored="0" total="1" passed="1" failed="0" skipped="0">
  <reporter-output>
  </reporter-output>
  <suite started-at="2022-10-15T17:44:30 IST" name="Default suite" finished-at="2022-10-15T17:45:17 IST" duration-ms="46943">
    <groups>
    </groups>
    <test started-at="2022-10-15T17:44:30 IST" name="Default test" finished-at="2022-10-15T17:45:17 IST" duration-ms="46943">
      <class name="Test.SettingsTimeChange">
        <test-method is-config="true" signature="launchBrowser()[pri:0, instance:Test.SettingsTimeChange@1bd4fdd]" started-at="2022-10-15T17:44:30 IST" name="launchBrowser" finished-at="2022-10-15T17:44:37 IST" duration-ms="6373" status="PASS">
          <reporter-output>
          </reporter-output>
        </test-method> <!-- launchBrowser -->
        <test-method is-config="true" signature="setup()[pri:0, instance:Test.SettingsTimeChange@1bd4fdd]" started-at="2022-10-15T17:44:37 IST" name="setup" finished-at="2022-10-15T17:44:44 IST" duration-ms="7216" status="PASS">
          <reporter-output>
          </reporter-output>
        </test-method> <!-- setup -->
        <test-method signature="settings()[pri:0, instance:Test.SettingsTimeChange@1bd4fdd]" started-at="2022-10-15T17:44:44 IST" name="settings" finished-at="2022-10-15T17:45:17 IST" duration-ms="33309" status="PASS">
          <reporter-output>
          </reporter-output>
        </test-method> <!-- settings -->
        <test-method is-config="true" signature="closeBrowser()[pri:0, instance:Test.SettingsTimeChange@1bd4fdd]" started-at="2022-10-15T17:45:17 IST" name="closeBrowser" finished-at="2022-10-15T17:45:17 IST" duration-ms="2" status="PASS">
          <reporter-output>
          </reporter-output>
        </test-method> <!-- closeBrowser -->
      </class> <!-- Test.SettingsTimeChange -->
    </test> <!-- Default test -->
  </suite> <!-- Default suite -->
</testng-results>
